<?xml version="1.0" encoding="UTF-8"?>
<testsuite xmlns:xsi="http://www.w3.org/2001/XMLSchema-instance" xsi:noNamespaceSchemaLocation="https://maven.apache.org/surefire/maven-surefire-plugin/xsd/surefire-test-report.xsd" version="3.0.2" name="finance.finance.FinanceApplicationTests" time="5.347" tests="1" errors="0" skipped="0" failures="0">
  <properties>
[...]
</properties>
  <testcase name="contextLoads" classname="finance.finance.FinanceApplicationTests" time="0.503">
    <system-out><![CDATA[19:58:45.906 [main] INFO org.springframework.test.context.support.AnnotationConfigContextLoaderUtils -- Could not detect default configuration classes for test class [finance.finance.FinanceApplicationTests]: FinanceApplicationTests does not declare any static, non-private, non-final, nested classes annotated with @Configuration.
19:58:46.026 [main] INFO org.springframework.boot.test.context.SpringBootTestContextBootstrapper -- Found @SpringBootConfiguration finance.finance.FinanceApplication for test class finance.finance.FinanceApplicationTests
19:58:46.211 [main] INFO org.springframework.boot.devtools.restart.RestartApplicationListener -- Restart disabled due to context in which it is running

  .   ____          _            __ _ _
 /\\ / ___'_ __ _ _(_)_ __  __ _ \ \ \ \
( ( )\___ | '_ | '_| | '_ \/ _` | \ \ \ \
 \\/  ___)| |_)| | | | | || (_| |  ) ) ) )
  '  |____| .__|_| |_|_| |_\__, | / / / /
 =========|_|==============|___/=/_/_/_/

 :: Spring Boot ::                (v3.4.2)

2025-02-01T19:58:46.472+01:00  INFO 10631 --- [finance] [           main] f.finance.FinanceApplicationTests        : Starting FinanceApplicationTests using Java 17.0.8 with PID 10631 (started by macbookpro in /Applications/XAMPP/xamppfiles/htdocs/portfolio/Finance)
2025-02-01T19:58:46.473+01:00  INFO 10631 --- [finance] [           main] f.finance.FinanceApplicationTests        : No active profile set, falling back to 1 default profile: "default"
2025-02-01T19:58:47.260+01:00  INFO 10631 --- [finance] [           main] .s.d.r.c.RepositoryConfigurationDelegate : Bootstrapping Spring Data JPA repositories in DEFAULT mode.
2025-02-01T19:58:47.295+01:00  INFO 10631 --- [finance] [           main] .s.d.r.c.RepositoryConfigurationDelegate : Finished Spring Data repository scanning in 11 ms. Found 0 JPA repository interfaces.
2025-02-01T19:58:47.836+01:00  INFO 10631 --- [finance] [           main] o.hibernate.jpa.internal.util.LogHelper  : HHH000204: Processing PersistenceUnitInfo [name: default]
2025-02-01T19:58:47.888+01:00  INFO 10631 --- [finance] [           main] org.hibernate.Version                    : HHH000412: Hibernate ORM core version 6.6.5.Final
2025-02-01T19:58:47.928+01:00  INFO 10631 --- [finance] [           main] o.h.c.internal.RegionFactoryInitiator    : HHH000026: Second-level cache disabled
2025-02-01T19:58:48.252+01:00  INFO 10631 --- [finance] [           main] o.s.o.j.p.SpringPersistenceUnitInfo      : No LoadTimeWeaver setup: ignoring JPA class transformer
2025-02-01T19:58:48.294+01:00  INFO 10631 --- [finance] [           main] com.zaxxer.hikari.HikariDataSource       : HikariPool-1 - Starting...
2025-02-01T19:58:48.476+01:00  INFO 10631 --- [finance] [           main] com.zaxxer.hikari.pool.HikariPool        : HikariPool-1 - Added connection com.mysql.cj.jdbc.ConnectionImpl@3ea75b05
2025-02-01T19:58:48.479+01:00  INFO 10631 --- [finance] [           main] com.zaxxer.hikari.HikariDataSource       : HikariPool-1 - Start completed.
2025-02-01T19:58:48.539+01:00  WARN 10631 --- [finance] [           main] org.hibernate.dialect.Dialect            : HHH000511: The 5.5.5 version for [org.hibernate.dialect.MySQLDialect] is no longer supported, hence certain features may not work properly. The minimum supported version is 8.0.0. Check the community dialects project for available legacy versions.
2025-02-01T19:58:48.566+01:00  INFO 10631 --- [finance] [           main] org.hibernate.orm.connections.pooling    : HHH10001005: Database info:
	Database JDBC URL [Connecting through datasource 'HikariDataSource (HikariPool-1)']
	Database driver: undefined/unknown
	Database version: 5.5.5
	Autocommit mode: undefined/unknown
	Isolation level: undefined/unknown
	Minimum pool size: undefined/unknown
	Maximum pool size: undefined/unknown
2025-02-01T19:58:49.465+01:00  INFO 10631 --- [finance] [           main] o.h.e.t.j.p.i.JtaPlatformInitiator       : HHH000489: No JTA platform available (set 'hibernate.transaction.jta.platform' to enable JTA platform integration)
2025-02-01T19:58:49.502+01:00  INFO 10631 --- [finance] [           main] j.LocalContainerEntityManagerFactoryBean : Initialized JPA EntityManagerFactory for persistence unit 'default'
2025-02-01T19:58:49.668+01:00  WARN 10631 --- [finance] [           main] JpaBaseConfiguration$JpaWebConfiguration : spring.jpa.open-in-view is enabled by default. Therefore, database queries may be performed during view rendering. Explicitly configure spring.jpa.open-in-view to disable this warning
2025-02-01T19:58:50.172+01:00  WARN 10631 --- [finance] [           main] .s.s.UserDetailsServiceAutoConfiguration : 

Using generated security password: 075ab116-d7a0-413e-8dd9-77bf02f42d55

This generated password is for development use only. Your security configuration must be updated before running your application in production.

2025-02-01T19:58:50.198+01:00  INFO 10631 --- [finance] [           main] r$InitializeUserDetailsManagerConfigurer : Global AuthenticationManager configured with UserDetailsService bean with name inMemoryUserDetailsManager
2025-02-01T19:58:50.461+01:00  INFO 10631 --- [finance] [           main] f.finance.FinanceApplicationTests        : Started FinanceApplicationTests in 4.27 seconds (process running for 5.444)
]]></system-out>
  </testcase>
</testsuite>